-------------------------------------------------------------------------------
Test set: runners.GooglePageRunner
-------------------------------------------------------------------------------
Tests run: 2, Failures: 1, Errors: 0, Skipped: 0, Time elapsed: 11.673 s <<< FAILURE! - in runners.GooglePageRunner
Google Page Search.Selenium Search  Time elapsed: 3.133 s  <<< FAILURE!
org.junit.ComparisonFailure: expected:<...um Tutorial - Google[]> but was:<...um Tutorial - Google[ Search]>
	at org.junit.Assert.assertEquals(Assert.java:117)
	at org.junit.Assert.assertEquals(Assert.java:146)
	at stepDefs.GooglePageStepDef.should_display_selenium_search_results(GooglePageStepDef.java:60)
	at âœ½.Should display Selenium Search Results(file:///F:/Anandhi/workspace/seleniumWorkspace/Apr2022WS/BDDSampleB25/src/test/resources/features/GoogleSearch.feature:12)

